2013-11-15 17:52:38.352 AgeCAP[15996:80b] Multi-tasking -> Device: YES, App: YES
2013-11-15 17:52:38.389 AgeCAP[15996:80b] Unlimited access to network resources
2013-11-15 17:52:39.331 AgeCAP[15996:80b] Resetting plugins due to page load.
2013-11-15 17:52:39.455 AgeCAP[15996:80b] Finished load of: file:///Users/ritchi30/Library/Application%20Support/iPhone%20Simulator/7.0.3/Applications/A6EFB1F7-20C0-4C33-92C8-8E0980BA83F7/AgeCAP.app/www/index.html
2013-11-15 17:52:39.456 AgeCAP[15996:80b] Resetting plugins due to page load.
2013-11-15 17:52:39.706 AgeCAP[15996:80b] Finished load of: file:///Users/ritchi30/Library/Application%20Support/iPhone%20Simulator/7.0.3/Applications/A6EFB1F7-20C0-4C33-92C8-8E0980BA83F7/AgeCAP.app/www/main.html
2013-11-15 17:54:14.003 AgeCAP[16708:80b] Multi-tasking -> Device: YES, App: YES
2013-11-15 17:54:14.012 AgeCAP[16708:80b] Unlimited access to network resources
2013-11-15 17:54:14.237 AgeCAP[16708:80b] Resetting plugins due to page load.
2013-11-15 17:54:14.291 AgeCAP[16708:80b] Finished load of: file:///Users/ritchi30/Library/Application%20Support/iPhone%20Simulator/7.0.3/Applications/A6EFB1F7-20C0-4C33-92C8-8E0980BA83F7/AgeCAP.app/www/index.html
2013-11-15 17:54:14.293 AgeCAP[16708:80b] Resetting plugins due to page load.
2013-11-15 17:54:14.482 AgeCAP[16708:80b] Finished load of: file:///Users/ritchi30/Library/Application%20Support/iPhone%20Simulator/7.0.3/Applications/A6EFB1F7-20C0-4C33-92C8-8E0980BA83F7/AgeCAP.app/www/main.html
2013-11-15 17:54:19.281 AgeCAP[16708:80b] Resetting plugins due to page load.
2013-11-15 17:54:19.367 AgeCAP[16708:80b] Finished load of: file:///Users/ritchi30/Library/Application%20Support/iPhone%20Simulator/7.0.3/Applications/A6EFB1F7-20C0-4C33-92C8-8E0980BA83F7/AgeCAP.app/www/locationlanding.html
2013-11-15 17:54:20.830 AgeCAP[16708:80b] Resetting plugins due to page load.
2013-11-15 17:54:21.273 AgeCAP[16708:80b] Finished load of: file:///Users/ritchi30/Library/Application%20Support/iPhone%20Simulator/7.0.3/Applications/A6EFB1F7-20C0-4C33-92C8-8E0980BA83F7/AgeCAP.app/www/selectlanding.html
2013-11-15 17:54:24.440 AgeCAP[16708:80b] Resetting plugins due to page load.
2013-11-15 17:54:24.613 AgeCAP[16708:80b] Finished load of: file:///Users/ritchi30/Library/Application%20Support/iPhone%20Simulator/7.0.3/Applications/A6EFB1F7-20C0-4C33-92C8-8E0980BA83F7/AgeCAP.app/www/mapcurrent.html
2013-11-15 17:54:36.529 AgeCAP[16708:80b] Resetting plugins due to page load.
2013-11-15 17:54:37.239 AgeCAP[16708:80b] Finished load of: file:///Users/ritchi30/Library/Application%20Support/iPhone%20Simulator/7.0.3/Applications/A6EFB1F7-20C0-4C33-92C8-8E0980BA83F7/AgeCAP.app/www/ratingformfromtemplate.html
2013-11-15 17:56:12.327 AgeCAP[16708:80b] Resetting plugins due to page load.
2013-11-15 17:56:12.418 AgeCAP[16708:80b] Finished load of: file:///Users/ritchi30/Library/Application%20Support/iPhone%20Simulator/7.0.3/Applications/A6EFB1F7-20C0-4C33-92C8-8E0980BA83F7/AgeCAP.app/www/mapcurrent.html
2013-11-15 17:56:20.301 AgeCAP[16708:80b] Resetting plugins due to page load.
2013-11-15 17:56:20.391 AgeCAP[16708:80b] Finished load of: file:///Users/ritchi30/Library/Application%20Support/iPhone%20Simulator/7.0.3/Applications/A6EFB1F7-20C0-4C33-92C8-8E0980BA83F7/AgeCAP.app/www/selectlanding.html
2013-11-15 17:56:34.899 AgeCAP[16708:80b] Resetting plugins due to page load.
2013-11-15 17:56:35.135 AgeCAP[16708:80b] Finished load of: file:///Users/ritchi30/Library/Application%20Support/iPhone%20Simulator/7.0.3/Applications/A6EFB1F7-20C0-4C33-92C8-8E0980BA83F7/AgeCAP.app/www/mapplace.html
2013-11-15 17:56:37.516 AgeCAP[16708:80b] Resetting plugins due to page load.
2013-11-15 17:56:37.598 AgeCAP[16708:80b] Finished load of: file:///Users/ritchi30/Library/Application%20Support/iPhone%20Simulator/7.0.3/Applications/A6EFB1F7-20C0-4C33-92C8-8E0980BA83F7/AgeCAP.app/www/selectlanding.html
2013-11-15 17:56:38.563 AgeCAP[16708:80b] Resetting plugins due to page load.
2013-11-15 17:56:38.614 AgeCAP[16708:80b] Finished load of: file:///Users/ritchi30/Library/Application%20Support/iPhone%20Simulator/7.0.3/Applications/A6EFB1F7-20C0-4C33-92C8-8E0980BA83F7/AgeCAP.app/www/locationlanding.html
2013-11-15 17:56:43.131 AgeCAP[16708:80b] Resetting plugins due to page load.
2013-11-15 17:56:43.206 AgeCAP[16708:80b] Finished load of: file:///Users/ritchi30/Library/Application%20Support/iPhone%20Simulator/7.0.3/Applications/A6EFB1F7-20C0-4C33-92C8-8E0980BA83F7/AgeCAP.app/www/main.html
2013-11-15 17:56:45.476 AgeCAP[16708:80b] Resetting plugins due to page load.
2013-11-15 17:56:45.554 AgeCAP[16708:80b] Finished load of: file:///Users/ritchi30/Library/Application%20Support/iPhone%20Simulator/7.0.3/Applications/A6EFB1F7-20C0-4C33-92C8-8E0980BA83F7/AgeCAP.app/www/localworldwideread.html
2013-11-15 17:56:47.347 AgeCAP[16708:80b] Resetting plugins due to page load.
2013-11-15 17:56:47.430 AgeCAP[16708:80b] Finished load of: file:///Users/ritchi30/Library/Application%20Support/iPhone%20Simulator/7.0.3/Applications/A6EFB1F7-20C0-4C33-92C8-8E0980BA83F7/AgeCAP.app/www/resultslistfromtemplate.html
2013-11-19 21:02:54.941 AgeCAP[1130:80b] Multi-tasking -> Device: YES, App: YES
2013-11-19 21:02:54.992 AgeCAP[1130:80b] Unlimited access to network resources
2013-11-19 21:02:55.681 AgeCAP[1130:80b] Resetting plugins due to page load.
2013-11-19 21:02:55.858 AgeCAP[1130:80b] Finished load of: file:///Users/ritchi30/Library/Application%20Support/iPhone%20Simulator/7.0.3/Applications/A6EFB1F7-20C0-4C33-92C8-8E0980BA83F7/AgeCAP.app/www/index.html
2013-11-19 21:02:55.859 AgeCAP[1130:80b] Resetting plugins due to page load.
2013-11-19 21:02:56.362 AgeCAP[1130:80b] Finished load of: file:///Users/ritchi30/Library/Application%20Support/iPhone%20Simulator/7.0.3/Applications/A6EFB1F7-20C0-4C33-92C8-8E0980BA83F7/AgeCAP.app/www/main.html
2013-11-19 21:03:03.709 AgeCAP[1130:80b] Resetting plugins due to page load.
2013-11-19 21:03:04.043 AgeCAP[1130:80b] Finished load of: file:///Users/ritchi30/Library/Application%20Support/iPhone%20Simulator/7.0.3/Applications/A6EFB1F7-20C0-4C33-92C8-8E0980BA83F7/AgeCAP.app/www/localworldwideread.html
2013-11-19 21:03:05.042 AgeCAP[1130:80b] Resetting plugins due to page load.
2013-11-19 21:03:05.167 AgeCAP[1130:80b] Finished load of: file:///Users/ritchi30/Library/Application%20Support/iPhone%20Simulator/7.0.3/Applications/A6EFB1F7-20C0-4C33-92C8-8E0980BA83F7/AgeCAP.app/www/resultslistfromtemplate.html
2013-11-19 21:03:16.707 AgeCAP[1130:80b] CDVWebViewDelegate: Navigation started when state=1
2013-11-19 21:03:16.707 AgeCAP[1130:80b] Failed to load webpage with error: CDVWebViewDelegate: Navigation started when state=1
2013-11-19 21:03:16.708 AgeCAP[1130:80b] Resetting plugins due to page load.
2013-11-19 21:03:16.786 AgeCAP[1130:80b] Finished load of: file:///Users/ritchi30/Library/Application%20Support/iPhone%20Simulator/7.0.3/Applications/A6EFB1F7-20C0-4C33-92C8-8E0980BA83F7/AgeCAP.app/www/mapentries.html
2013-11-19 21:03:31.704 AgeCAP[1130:80b] Resetting plugins due to page load.
2013-11-19 21:03:31.761 AgeCAP[1130:80b] Finished load of: file:///Users/ritchi30/Library/Application%20Support/iPhone%20Simulator/7.0.3/Applications/A6EFB1F7-20C0-4C33-92C8-8E0980BA83F7/AgeCAP.app/www/viewratingfromtemplate.html
2013-11-19 21:03:36.025 AgeCAP[1130:80b] Resetting plugins due to page load.
2013-11-19 21:03:36.102 AgeCAP[1130:80b] Finished load of: file:///Users/ritchi30/Library/Application%20Support/iPhone%20Simulator/7.0.3/Applications/A6EFB1F7-20C0-4C33-92C8-8E0980BA83F7/AgeCAP.app/www/mapentries.html
2013-11-19 21:03:37.737 AgeCAP[1130:80b] Resetting plugins due to page load.
2013-11-19 21:03:37.787 AgeCAP[1130:80b] Finished load of: file:///Users/ritchi30/Library/Application%20Support/iPhone%20Simulator/7.0.3/Applications/A6EFB1F7-20C0-4C33-92C8-8E0980BA83F7/AgeCAP.app/www/resultslistfromtemplate.html#
2013-11-19 21:03:43.207 AgeCAP[1130:80b] CDVWebViewDelegate: Navigation started when state=1
2013-11-19 21:03:43.207 AgeCAP[1130:80b] Failed to load webpage with error: CDVWebViewDelegate: Navigation started when state=1
2013-11-19 21:03:43.208 AgeCAP[1130:80b] Resetting plugins due to page load.
2013-11-19 21:03:43.241 AgeCAP[1130:80b] Finished load of: file:///Users/ritchi30/Library/Application%20Support/iPhone%20Simulator/7.0.3/Applications/A6EFB1F7-20C0-4C33-92C8-8E0980BA83F7/AgeCAP.app/www/entrieslistfromtemplate.html
2013-11-19 21:03:45.969 AgeCAP[1130:80b] Resetting plugins due to page load.
2013-11-19 21:03:46.022 AgeCAP[1130:80b] Finished load of: file:///Users/ritchi30/Library/Application%20Support/iPhone%20Simulator/7.0.3/Applications/A6EFB1F7-20C0-4C33-92C8-8E0980BA83F7/AgeCAP.app/www/viewratingfromtemplate.html
2013-11-19 21:03:51.735 AgeCAP[1130:80b] Resetting plugins due to page load.
2013-11-19 21:03:51.769 AgeCAP[1130:80b] Finished load of: file:///Users/ritchi30/Library/Application%20Support/iPhone%20Simulator/7.0.3/Applications/A6EFB1F7-20C0-4C33-92C8-8E0980BA83F7/AgeCAP.app/www/entrieslistfromtemplate.html
2013-11-19 21:03:52.792 AgeCAP[1130:80b] Resetting plugins due to page load.
2013-11-19 21:03:52.827 AgeCAP[1130:80b] Finished load of: file:///Users/ritchi30/Library/Application%20Support/iPhone%20Simulator/7.0.3/Applications/A6EFB1F7-20C0-4C33-92C8-8E0980BA83F7/AgeCAP.app/www/resultslistfromtemplate.html#
2013-11-19 21:05:45.617 AgeCAP[1130:80b] Resetting plugins due to page load.
2013-11-19 21:05:45.694 AgeCAP[1130:80b] Finished load of: file:///Users/ritchi30/Library/Application%20Support/iPhone%20Simulator/7.0.3/Applications/A6EFB1F7-20C0-4C33-92C8-8E0980BA83F7/AgeCAP.app/www/localworldwideread.html
2013-11-19 21:05:46.457 AgeCAP[1130:80b] Resetting plugins due to page load.
2013-11-19 21:05:46.501 AgeCAP[1130:80b] Finished load of: file:///Users/ritchi30/Library/Application%20Support/iPhone%20Simulator/7.0.3/Applications/A6EFB1F7-20C0-4C33-92C8-8E0980BA83F7/AgeCAP.app/www/main.html
2013-11-19 21:05:49.363 AgeCAP[1130:80b] Resetting plugins due to page load.
2013-11-19 21:05:49.418 AgeCAP[1130:80b] Finished load of: file:///Users/ritchi30/Library/Application%20Support/iPhone%20Simulator/7.0.3/Applications/A6EFB1F7-20C0-4C33-92C8-8E0980BA83F7/AgeCAP.app/www/localworldwideread.html
2013-11-19 21:05:51.514 AgeCAP[1130:80b] Resetting plugins due to page load.
2013-11-19 21:05:51.558 AgeCAP[1130:80b] Finished load of: file:///Users/ritchi30/Library/Application%20Support/iPhone%20Simulator/7.0.3/Applications/A6EFB1F7-20C0-4C33-92C8-8E0980BA83F7/AgeCAP.app/www/selectlandingread.html
2013-11-19 21:05:52.634 AgeCAP[1130:80b] Resetting plugins due to page load.
2013-11-19 21:05:52.695 AgeCAP[1130:80b] Finished load of: file:///Users/ritchi30/Library/Application%20Support/iPhone%20Simulator/7.0.3/Applications/A6EFB1F7-20C0-4C33-92C8-8E0980BA83F7/AgeCAP.app/www/mapcurrentread.html
2013-11-19 21:05:57.965 AgeCAP[1130:80b] Resetting plugins due to page load.
2013-11-19 21:05:58.011 AgeCAP[1130:80b] Finished load of: file:///Users/ritchi30/Library/Application%20Support/iPhone%20Simulator/7.0.3/Applications/A6EFB1F7-20C0-4C33-92C8-8E0980BA83F7/AgeCAP.app/www/resultslistfromtemplate.html
2013-11-19 21:06:01.681 AgeCAP[1130:80b] Resetting plugins due to page load.
2013-11-19 21:06:01.725 AgeCAP[1130:80b] Finished load of: file:///Users/ritchi30/Library/Application%20Support/iPhone%20Simulator/7.0.3/Applications/A6EFB1F7-20C0-4C33-92C8-8E0980BA83F7/AgeCAP.app/www/mapcurrentread.html
2013-11-19 21:06:07.467 AgeCAP[1130:80b] Resetting plugins due to page load.
2013-11-19 21:06:07.517 AgeCAP[1130:80b] Finished load of: file:///Users/ritchi30/Library/Application%20Support/iPhone%20Simulator/7.0.3/Applications/A6EFB1F7-20C0-4C33-92C8-8E0980BA83F7/AgeCAP.app/www/selectlandingread.html
2013-11-19 21:06:08.786 AgeCAP[1130:80b] Resetting plugins due to page load.
2013-11-19 21:06:08.824 AgeCAP[1130:80b] Finished load of: file:///Users/ritchi30/Library/Application%20Support/iPhone%20Simulator/7.0.3/Applications/A6EFB1F7-20C0-4C33-92C8-8E0980BA83F7/AgeCAP.app/www/localworldwideread.html
2013-11-19 21:06:13.831 AgeCAP[1130:80b] CDVWebViewDelegate: Navigation started when state=1
2013-11-19 21:06:13.832 AgeCAP[1130:80b] Failed to load webpage with error: CDVWebViewDelegate: Navigation started when state=1
2013-11-19 21:06:13.832 AgeCAP[1130:80b] Resetting plugins due to page load.
2013-11-19 21:06:13.884 AgeCAP[1130:80b] Finished load of: file:///Users/ritchi30/Library/Application%20Support/iPhone%20Simulator/7.0.3/Applications/A6EFB1F7-20C0-4C33-92C8-8E0980BA83F7/AgeCAP.app/www/main.html
2013-11-19 21:06:15.427 AgeCAP[1130:80b] Resetting plugins due to page load.
2013-11-19 21:06:15.468 AgeCAP[1130:80b] Finished load of: file:///Users/ritchi30/Library/Application%20Support/iPhone%20Simulator/7.0.3/Applications/A6EFB1F7-20C0-4C33-92C8-8E0980BA83F7/AgeCAP.app/www/locationlanding.html
2013-11-19 21:06:17.114 AgeCAP[1130:80b] Resetting plugins due to page load.
2013-11-19 21:06:17.151 AgeCAP[1130:80b] Finished load of: file:///Users/ritchi30/Library/Application%20Support/iPhone%20Simulator/7.0.3/Applications/A6EFB1F7-20C0-4C33-92C8-8E0980BA83F7/AgeCAP.app/www/selectlanding.html
2013-11-19 21:06:20.090 AgeCAP[1130:80b] Resetting plugins due to page load.
2013-11-19 21:06:20.141 AgeCAP[1130:80b] Finished load of: file:///Users/ritchi30/Library/Application%20Support/iPhone%20Simulator/7.0.3/Applications/A6EFB1F7-20C0-4C33-92C8-8E0980BA83F7/AgeCAP.app/www/mapcurrent.html
2013-11-19 21:06:31.609 AgeCAP[1130:80b] Resetting plugins due to page load.
2013-11-19 21:06:31.930 AgeCAP[1130:80b] Finished load of: file:///Users/ritchi30/Library/Application%20Support/iPhone%20Simulator/7.0.3/Applications/A6EFB1F7-20C0-4C33-92C8-8E0980BA83F7/AgeCAP.app/www/mapcurrent.html?
2013-11-19 21:06:42.854 AgeCAP[1130:80b] Resetting plugins due to page load.
2013-11-19 21:06:43.261 AgeCAP[1130:80b] Finished load of: file:///Users/ritchi30/Library/Application%20Support/iPhone%20Simulator/7.0.3/Applications/A6EFB1F7-20C0-4C33-92C8-8E0980BA83F7/AgeCAP.app/www/ratingformfromtemplate.html
2013-11-19 21:06:54.611 AgeCAP[1130:80b] Resetting plugins due to page load.
2013-11-19 21:06:54.675 AgeCAP[1130:80b] Finished load of: file:///Users/ritchi30/Library/Application%20Support/iPhone%20Simulator/7.0.3/Applications/A6EFB1F7-20C0-4C33-92C8-8E0980BA83F7/AgeCAP.app/www/rateagain.html
2013-11-19 21:06:56.396 AgeCAP[1130:80b] Resetting plugins due to page load.
2013-11-19 21:06:56.410 AgeCAP[1130:80b] Finished load of: file:///Users/ritchi30/Library/Application%20Support/iPhone%20Simulator/7.0.3/Applications/A6EFB1F7-20C0-4C33-92C8-8E0980BA83F7/AgeCAP.app/www/index.html
2013-11-19 21:06:56.412 AgeCAP[1130:80b] Resetting plugins due to page load.
2013-11-19 21:06:56.455 AgeCAP[1130:80b] Finished load of: file:///Users/ritchi30/Library/Application%20Support/iPhone%20Simulator/7.0.3/Applications/A6EFB1F7-20C0-4C33-92C8-8E0980BA83F7/AgeCAP.app/www/main.html
2013-11-19 21:06:58.732 AgeCAP[1130:80b] Resetting plugins due to page load.
2013-11-19 21:06:58.786 AgeCAP[1130:80b] Finished load of: file:///Users/ritchi30/Library/Application%20Support/iPhone%20Simulator/7.0.3/Applications/A6EFB1F7-20C0-4C33-92C8-8E0980BA83F7/AgeCAP.app/www/localworldwideread.html
2013-11-19 21:06:59.963 AgeCAP[1130:80b] Resetting plugins due to page load.
2013-11-19 21:07:00.013 AgeCAP[1130:80b] Finished load of: file:///Users/ritchi30/Library/Application%20Support/iPhone%20Simulator/7.0.3/Applications/A6EFB1F7-20C0-4C33-92C8-8E0980BA83F7/AgeCAP.app/www/resultslistfromtemplate.html
2013-11-19 21:07:01.588 AgeCAP[1130:80b] CDVWebViewDelegate: Navigation started when state=1
2013-11-19 21:07:01.589 AgeCAP[1130:80b] Failed to load webpage with error: CDVWebViewDelegate: Navigation started when state=1
2013-11-19 21:07:01.589 AgeCAP[1130:80b] Resetting plugins due to page load.
2013-11-19 21:07:01.671 AgeCAP[1130:80b] Finished load of: file:///Users/ritchi30/Library/Application%20Support/iPhone%20Simulator/7.0.3/Applications/A6EFB1F7-20C0-4C33-92C8-8E0980BA83F7/AgeCAP.app/www/mapentries.html
2013-11-19 21:07:18.348 AgeCAP[1130:80b] Resetting plugins due to page load.
2013-11-19 21:07:18.410 AgeCAP[1130:80b] Finished load of: file:///Users/ritchi30/Library/Application%20Support/iPhone%20Simulator/7.0.3/Applications/A6EFB1F7-20C0-4C33-92C8-8E0980BA83F7/AgeCAP.app/www/viewratingfromtemplate.html
2013-11-19 21:07:24.948 AgeCAP[1130:80b] Resetting plugins due to page load.
2013-11-19 21:07:25.018 AgeCAP[1130:80b] Finished load of: file:///Users/ritchi30/Library/Application%20Support/iPhone%20Simulator/7.0.3/Applications/A6EFB1F7-20C0-4C33-92C8-8E0980BA83F7/AgeCAP.app/www/mapentries.html
2013-11-19 21:07:30.901 AgeCAP[1130:80b] Resetting plugins due to page load.
2013-11-19 21:07:30.950 AgeCAP[1130:80b] Finished load of: file:///Users/ritchi30/Library/Application%20Support/iPhone%20Simulator/7.0.3/Applications/A6EFB1F7-20C0-4C33-92C8-8E0980BA83F7/AgeCAP.app/www/resultslistfromtemplate.html#
2013-11-19 21:07:32.849 AgeCAP[1130:80b] Resetting plugins due to page load.
2013-11-19 21:07:32.897 AgeCAP[1130:80b] Finished load of: file:///Users/ritchi30/Library/Application%20Support/iPhone%20Simulator/7.0.3/Applications/A6EFB1F7-20C0-4C33-92C8-8E0980BA83F7/AgeCAP.app/www/localworldwideread.html
2013-11-19 21:07:40.041 AgeCAP[1130:80b] CDVWebViewDelegate: Navigation started when state=1
2013-11-19 21:07:40.042 AgeCAP[1130:80b] Failed to load webpage with error: CDVWebViewDelegate: Navigation started when state=1
2013-11-19 21:07:40.042 AgeCAP[1130:80b] Resetting plugins due to page load.
2013-11-19 21:07:40.090 AgeCAP[1130:80b] Finished load of: file:///Users/ritchi30/Library/Application%20Support/iPhone%20Simulator/7.0.3/Applications/A6EFB1F7-20C0-4C33-92C8-8E0980BA83F7/AgeCAP.app/www/resultslistfromtemplate.html
2013-11-19 21:07:42.229 AgeCAP[1130:80b] CDVWebViewDelegate: Navigation started when state=1
2013-11-19 21:07:42.229 AgeCAP[1130:80b] Failed to load webpage with error: CDVWebViewDelegate: Navigation started when state=1
2013-11-19 21:07:42.230 AgeCAP[1130:80b] Resetting plugins due to page load.
2013-11-19 21:07:42.276 AgeCAP[1130:80b] Finished load of: file:///Users/ritchi30/Library/Application%20Support/iPhone%20Simulator/7.0.3/Applications/A6EFB1F7-20C0-4C33-92C8-8E0980BA83F7/AgeCAP.app/www/mapentries.html
2013-11-19 21:07:46.703 AgeCAP[1130:80b] Resetting plugins due to page load.
2013-11-19 21:07:46.767 AgeCAP[1130:80b] Finished load of: file:///Users/ritchi30/Library/Application%20Support/iPhone%20Simulator/7.0.3/Applications/A6EFB1F7-20C0-4C33-92C8-8E0980BA83F7/AgeCAP.app/www/viewratingfromtemplate.html
2013-11-19 21:07:49.747 AgeCAP[1130:80b] Resetting plugins due to page load.
2013-11-19 21:07:49.793 AgeCAP[1130:80b] Finished load of: file:///Users/ritchi30/Library/Application%20Support/iPhone%20Simulator/7.0.3/Applications/A6EFB1F7-20C0-4C33-92C8-8E0980BA83F7/AgeCAP.app/www/mapentries.html
2013-11-19 21:08:02.723 AgeCAP[1130:80b] Resetting plugins due to page load.
2013-11-19 21:08:02.771 AgeCAP[1130:80b] Finished load of: file:///Users/ritchi30/Library/Application%20Support/iPhone%20Simulator/7.0.3/Applications/A6EFB1F7-20C0-4C33-92C8-8E0980BA83F7/AgeCAP.app/www/resultslistfromtemplate.html#
2013-11-19 21:08:07.610 AgeCAP[1130:80b] Resetting plugins due to page load.
2013-11-19 21:08:07.655 AgeCAP[1130:80b] Finished load of: file:///Users/ritchi30/Library/Application%20Support/iPhone%20Simulator/7.0.3/Applications/A6EFB1F7-20C0-4C33-92C8-8E0980BA83F7/AgeCAP.app/www/resultslistfromtemplate.html?radius_group=20#
2013-11-19 21:08:10.339 AgeCAP[1130:80b] Resetting plugins due to page load.
2013-11-19 21:08:10.374 AgeCAP[1130:80b] Finished load of: file:///Users/ritchi30/Library/Application%20Support/iPhone%20Simulator/7.0.3/Applications/A6EFB1F7-20C0-4C33-92C8-8E0980BA83F7/AgeCAP.app/www/resultslistfromtemplate.html#
2013-11-19 21:08:13.017 AgeCAP[1130:80b] Resetting plugins due to page load.
2013-11-19 21:08:13.078 AgeCAP[1130:80b] Finished load of: file:///Users/ritchi30/Library/Application%20Support/iPhone%20Simulator/7.0.3/Applications/A6EFB1F7-20C0-4C33-92C8-8E0980BA83F7/AgeCAP.app/www/localworldwideread.html#
2013-11-19 21:08:23.122 AgeCAP[1130:80b] Resetting plugins due to page load.
2013-11-19 21:08:23.177 AgeCAP[1130:80b] Finished load of: file:///Users/ritchi30/Library/Application%20Support/iPhone%20Simulator/7.0.3/Applications/A6EFB1F7-20C0-4C33-92C8-8E0980BA83F7/AgeCAP.app/www/main.html
2013-11-19 21:08:36.462 AgeCAP[1130:80b] Resetting plugins due to page load.
2013-11-19 21:08:36.542 AgeCAP[1130:80b] Finished load of: file:///Users/ritchi30/Library/Application%20Support/iPhone%20Simulator/7.0.3/Applications/A6EFB1F7-20C0-4C33-92C8-8E0980BA83F7/AgeCAP.app/www/localworldwideread.html
2013-11-19 21:08:37.804 AgeCAP[1130:80b] Resetting plugins due to page load.
2013-11-19 21:08:37.867 AgeCAP[1130:80b] Finished load of: file:///Users/ritchi30/Library/Application%20Support/iPhone%20Simulator/7.0.3/Applications/A6EFB1F7-20C0-4C33-92C8-8E0980BA83F7/AgeCAP.app/www/resultslistfromtemplate.html
2013-11-19 21:08:39.142 AgeCAP[1130:80b] CDVWebViewDelegate: Navigation started when state=1
2013-11-19 21:08:39.143 AgeCAP[1130:80b] Failed to load webpage with error: CDVWebViewDelegate: Navigation started when state=1
2013-11-19 21:08:39.143 AgeCAP[1130:80b] Resetting plugins due to page load.
2013-11-19 21:08:39.190 AgeCAP[1130:80b] Finished load of: file:///Users/ritchi30/Library/Application%20Support/iPhone%20Simulator/7.0.3/Applications/A6EFB1F7-20C0-4C33-92C8-8E0980BA83F7/AgeCAP.app/www/mapentries.html
2013-11-19 21:08:42.078 AgeCAP[1130:80b] Resetting plugins due to page load.
2013-11-19 21:08:42.125 AgeCAP[1130:80b] Finished load of: file:///Users/ritchi30/Library/Application%20Support/iPhone%20Simulator/7.0.3/Applications/A6EFB1F7-20C0-4C33-92C8-8E0980BA83F7/AgeCAP.app/www/resultslistfromtemplate.html#
2013-11-19 21:08:53.754 AgeCAP[1130:80b] CDVWebViewDelegate: Navigation started when state=1
2013-11-19 21:08:53.755 AgeCAP[1130:80b] Failed to load webpage with error: CDVWebViewDelegate: Navigation started when state=1
2013-11-19 21:08:53.756 AgeCAP[1130:80b] Resetting plugins due to page load.
2013-11-19 21:08:53.804 AgeCAP[1130:80b] Finished load of: file:///Users/ritchi30/Library/Application%20Support/iPhone%20Simulator/7.0.3/Applications/A6EFB1F7-20C0-4C33-92C8-8E0980BA83F7/AgeCAP.app/www/mapentries.html
2013-11-19 21:08:56.878 AgeCAP[1130:80b] Resetting plugins due to page load.
2013-11-19 21:08:56.928 AgeCAP[1130:80b] Finished load of: file:///Users/ritchi30/Library/Application%20Support/iPhone%20Simulator/7.0.3/Applications/A6EFB1F7-20C0-4C33-92C8-8E0980BA83F7/AgeCAP.app/www/resultslistfromtemplate.html#
2013-11-19 21:08:59.450 AgeCAP[1130:80b] Resetting plugins due to page load.
2013-11-19 21:08:59.498 AgeCAP[1130:80b] Finished load of: file:///Users/ritchi30/Library/Application%20Support/iPhone%20Simulator/7.0.3/Applications/A6EFB1F7-20C0-4C33-92C8-8E0980BA83F7/AgeCAP.app/www/localworldwideread.html
2013-11-19 21:09:00.468 AgeCAP[1130:80b] Resetting plugins due to page load.
2013-11-19 21:09:00.552 AgeCAP[1130:80b] Finished load of: file:///Users/ritchi30/Library/Application%20Support/iPhone%20Simulator/7.0.3/Applications/A6EFB1F7-20C0-4C33-92C8-8E0980BA83F7/AgeCAP.app/www/main.html
2013-11-19 21:09:15.613 AgeCAP[1130:80b] Resetting plugins due to page load.
2013-11-19 21:09:15.672 AgeCAP[1130:80b] Finished load of: file:///Users/ritchi30/Library/Application%20Support/iPhone%20Simulator/7.0.3/Applications/A6EFB1F7-20C0-4C33-92C8-8E0980BA83F7/AgeCAP.app/www/locationlanding.html
2013-11-19 21:09:16.853 AgeCAP[1130:80b] Resetting plugins due to page load.
2013-11-19 21:09:16.892 AgeCAP[1130:80b] Finished load of: file:///Users/ritchi30/Library/Application%20Support/iPhone%20Simulator/7.0.3/Applications/A6EFB1F7-20C0-4C33-92C8-8E0980BA83F7/AgeCAP.app/www/selectlanding.html
2013-11-19 21:09:19.757 AgeCAP[1130:80b] Resetting plugins due to page load.
2013-11-19 21:09:19.792 AgeCAP[1130:80b] Finished load of: file:///Users/ritchi30/Library/Application%20Support/iPhone%20Simulator/7.0.3/Applications/A6EFB1F7-20C0-4C33-92C8-8E0980BA83F7/AgeCAP.app/www/locationlanding.html
2013-11-19 21:09:20.565 AgeCAP[1130:80b] Resetting plugins due to page load.
2013-11-19 21:09:20.636 AgeCAP[1130:80b] Finished load of: file:///Users/ritchi30/Library/Application%20Support/iPhone%20Simulator/7.0.3/Applications/A6EFB1F7-20C0-4C33-92C8-8E0980BA83F7/AgeCAP.app/www/main.html
2013-11-19 21:09:22.007 AgeCAP[1130:80b] Resetting plugins due to page load.
2013-11-19 21:09:22.085 AgeCAP[1130:80b] Finished load of: file:///Users/ritchi30/Library/Application%20Support/iPhone%20Simulator/7.0.3/Applications/A6EFB1F7-20C0-4C33-92C8-8E0980BA83F7/AgeCAP.app/www/localworldwideread.html
2013-11-19 21:09:23.093 AgeCAP[1130:80b] Resetting plugins due to page load.
2013-11-19 21:09:23.143 AgeCAP[1130:80b] Finished load of: file:///Users/ritchi30/Library/Application%20Support/iPhone%20Simulator/7.0.3/Applications/A6EFB1F7-20C0-4C33-92C8-8E0980BA83F7/AgeCAP.app/www/resultslistfromtemplate.html
2013-11-19 21:09:24.134 AgeCAP[1130:80b] CDVWebViewDelegate: Navigation started when state=1
2013-11-19 21:09:24.135 AgeCAP[1130:80b] Failed to load webpage with error: CDVWebViewDelegate: Navigation started when state=1
2013-11-19 21:09:24.135 AgeCAP[1130:80b] Resetting plugins due to page load.
2013-11-19 21:09:24.181 AgeCAP[1130:80b] Finished load of: file:///Users/ritchi30/Library/Application%20Support/iPhone%20Simulator/7.0.3/Applications/A6EFB1F7-20C0-4C33-92C8-8E0980BA83F7/AgeCAP.app/www/mapentries.html
2013-11-19 21:09:31.805 AgeCAP[1130:80b] Resetting plugins due to page load.
2013-11-19 21:09:31.863 AgeCAP[1130:80b] Finished load of: file:///Users/ritchi30/Library/Application%20Support/iPhone%20Simulator/7.0.3/Applications/A6EFB1F7-20C0-4C33-92C8-8E0980BA83F7/AgeCAP.app/www/viewratingfromtemplate.html
2013-11-19 21:09:36.997 AgeCAP[1130:80b] Resetting plugins due to page load.
2013-11-19 21:09:37.068 AgeCAP[1130:80b] Finished load of: file:///Users/ritchi30/Library/Application%20Support/iPhone%20Simulator/7.0.3/Applications/A6EFB1F7-20C0-4C33-92C8-8E0980BA83F7/AgeCAP.app/www/mapentries.html
2013-11-21 19:22:04.360 AgeCAP[1806:80b] Multi-tasking -> Device: YES, App: YES
2013-11-21 19:22:04.381 AgeCAP[1806:80b] Unlimited access to network resources
2013-11-21 19:22:04.557 AgeCAP[1806:80b] Resetting plugins due to page load.
2013-11-21 19:22:04.592 AgeCAP[1806:80b] Finished load of: file:///Users/ritchi30/Library/Application%20Support/iPhone%20Simulator/7.0.3-64/Applications/DA178B75-232E-45AD-8C7C-BE302FF8B812/AgeCAP.app/www/index.html
2013-11-21 19:22:04.594 AgeCAP[1806:80b] Resetting plugins due to page load.
2013-11-21 19:22:04.748 AgeCAP[1806:80b] Finished load of: file:///Users/ritchi30/Library/Application%20Support/iPhone%20Simulator/7.0.3-64/Applications/DA178B75-232E-45AD-8C7C-BE302FF8B812/AgeCAP.app/www/main.html
